0 info it worked if it ends with ok
1 verbose cli [ '/usr/local/bin/node',
1 verbose cli   '/usr/local/bin/npm',
1 verbose cli   'install',
1 verbose cli   '--global',
1 verbose cli   'gulp-cli' ]
2 info using npm@2.15.8
3 info using node@v4.4.7
4 verbose install initial load of /usr/local/lib/package.json
5 verbose readDependencies loading dependencies from /usr/local/lib/package.json
6 silly cache add args [ 'gulp-cli', null ]
7 verbose cache add spec gulp-cli
8 silly cache add parsed spec Result {
8 silly cache add   raw: 'gulp-cli',
8 silly cache add   scope: null,
8 silly cache add   name: 'gulp-cli',
8 silly cache add   rawSpec: '',
8 silly cache add   spec: 'latest',
8 silly cache add   type: 'tag' }
9 silly addNamed gulp-cli@latest
10 verbose addNamed "latest" is being treated as a dist-tag for gulp-cli
11 info addNameTag [ 'gulp-cli', 'latest' ]
12 silly mapToRegistry name gulp-cli
13 silly mapToRegistry using default registry
14 silly mapToRegistry registry https://registry.npmjs.org/
15 silly mapToRegistry data Result {
15 silly mapToRegistry   raw: 'gulp-cli',
15 silly mapToRegistry   scope: null,
15 silly mapToRegistry   name: 'gulp-cli',
15 silly mapToRegistry   rawSpec: '',
15 silly mapToRegistry   spec: 'latest',
15 silly mapToRegistry   type: 'tag' }
16 silly mapToRegistry uri https://registry.npmjs.org/gulp-cli
17 verbose addNameTag registry:https://registry.npmjs.org/gulp-cli not in flight; fetching
18 verbose request uri https://registry.npmjs.org/gulp-cli
19 verbose request no auth needed
20 info attempt registry request try #1 at 7:53:48 AM
21 verbose request id 8b0548d30a7602ca
22 verbose etag "BY9BEXS3DT9YLB33ORP7HJLSD"
23 http request GET https://registry.npmjs.org/gulp-cli
24 http 304 https://registry.npmjs.org/gulp-cli
25 verbose headers { date: 'Mon, 08 Aug 2016 11:53:48 GMT',
25 verbose headers   via: '1.1 varnish',
25 verbose headers   'cache-control': 'max-age=300',
25 verbose headers   etag: '"BY9BEXS3DT9YLB33ORP7HJLSD"',
25 verbose headers   age: '246',
25 verbose headers   connection: 'keep-alive',
25 verbose headers   'x-served-by': 'cache-atl6220-ATL',
25 verbose headers   'x-cache': 'HIT',
25 verbose headers   'x-cache-hits': '1',
25 verbose headers   'x-timer': 'S1470657228.650273,VS0,VE0',
25 verbose headers   vary: 'Accept-Encoding' }
26 silly get cb [ 304,
26 silly get   { date: 'Mon, 08 Aug 2016 11:53:48 GMT',
26 silly get     via: '1.1 varnish',
26 silly get     'cache-control': 'max-age=300',
26 silly get     etag: '"BY9BEXS3DT9YLB33ORP7HJLSD"',
26 silly get     age: '246',
26 silly get     connection: 'keep-alive',
26 silly get     'x-served-by': 'cache-atl6220-ATL',
26 silly get     'x-cache': 'HIT',
26 silly get     'x-cache-hits': '1',
26 silly get     'x-timer': 'S1470657228.650273,VS0,VE0',
26 silly get     vary: 'Accept-Encoding' } ]
27 verbose etag https://registry.npmjs.org/gulp-cli from cache
28 verbose get saving gulp-cli to /Users/rachelmoldovan/.npm/registry.npmjs.org/gulp-cli/.cache.json
29 verbose correctMkdir /Users/rachelmoldovan/.npm correctMkdir not in flight; initializing
30 silly addNameTag next cb for gulp-cli with tag latest
31 silly addNamed gulp-cli@1.2.2
32 verbose addNamed "1.2.2" is a plain semver version for gulp-cli
33 silly cache afterAdd gulp-cli@1.2.2
34 verbose afterAdd /Users/rachelmoldovan/.npm/gulp-cli/1.2.2/package/package.json not in flight; writing
35 verbose correctMkdir /Users/rachelmoldovan/.npm correctMkdir not in flight; initializing
36 verbose afterAdd /Users/rachelmoldovan/.npm/gulp-cli/1.2.2/package/package.json written
37 silly install resolved [ { name: 'gulp-cli',
37 silly install resolved     version: '1.2.2',
37 silly install resolved     description: 'Command line interface for gulp',
37 silly install resolved     author:
37 silly install resolved      { name: 'Gulp Team',
37 silly install resolved        email: 'team@gulpjs.com',
37 silly install resolved        url: 'http://gulpjs.com/' },
37 silly install resolved     contributors: [],
37 silly install resolved     homepage: 'http://gulpjs.com',
37 silly install resolved     repository:
37 silly install resolved      { type: 'git',
37 silly install resolved        url: 'git+https://github.com/gulpjs/gulp-cli.git' },
37 silly install resolved     license: 'MIT',
37 silly install resolved     man: [ 'gulp.1' ],
37 silly install resolved     engines: { node: '>= 0.10' },
37 silly install resolved     main: 'index.js',
37 silly install resolved     bin: { gulp: 'bin/gulp.js' },
37 silly install resolved     files: [ 'index.js', 'lib', 'bin', 'completion', 'gulp.1' ],
37 silly install resolved     scripts:
37 silly install resolved      { coveralls: 'lab -r lcov | coveralls',
37 silly install resolved        lint: 'eslint . && jscs index.js bin/ lib/ test/',
37 silly install resolved        prepublish: 'marked-man --name gulp docs/CLI.md > gulp.1',
37 silly install resolved        pretest: 'npm run lint',
37 silly install resolved        test: 'lab test/*.js -cv -I Reflect',
37 silly install resolved        changelog: 'github-changes -o gulpjs -r gulp-cli -b master -f ./CHANGELOG.md --order-semver --use-commit-body' },
37 silly install resolved     dependencies:
37 silly install resolved      { archy: '^1.0.0',
37 silly install resolved        chalk: '^1.1.0',
37 silly install resolved        'fancy-log': '^1.1.0',
37 silly install resolved        gulplog: '^1.0.0',
37 silly install resolved        interpret: '^1.0.0',
37 silly install resolved        liftoff: '^2.1.0',
37 silly install resolved        'lodash.isfunction': '^3.0.8',
37 silly install resolved        'lodash.isplainobject': '^4.0.4',
37 silly install resolved        'lodash.isstring': '^4.0.1',
37 silly install resolved        'lodash.sortby': '^4.5.0',
37 silly install resolved        matchdep: '^1.0.0',
37 silly install resolved        'mute-stdout': '^1.0.0',
37 silly install resolved        'pretty-hrtime': '^1.0.0',
37 silly install resolved        'semver-greatest-satisfied-range': '^1.0.0',
37 silly install resolved        tildify: '^1.0.0',
37 silly install resolved        v8flags: '^2.0.9',
37 silly install resolved        wreck: '^6.3.0',
37 silly install resolved        yargs: '^3.28.0' },
37 silly install resolved     devDependencies:
37 silly install resolved      { 'babel-preset-es2015': '^6.5.0',
37 silly install resolved        'babel-register': '^6.5.1',
37 silly install resolved        code: '^1.2.1',
37 silly install resolved        coveralls: '^2.7.0',
37 silly install resolved        eslint: '^1.7.3',
37 silly install resolved        'eslint-config-gulp': '^2.0.0',
37 silly install resolved        'fs-extra': '^0.26.1',
37 silly install resolved        'github-changes': '^1.0.1',
37 silly install resolved        gulp: 'github:gulpjs/gulp#4.0',
37 silly install resolved        jscs: '^2.3.5',
37 silly install resolved        'jscs-preset-gulp': '^1.0.0',
37 silly install resolved        lab: '^6.2.0',
37 silly install resolved        'marked-man': '^0.1.3' },
37 silly install resolved     keywords: [ 'build', 'stream', 'system', 'make', 'tool', 'asset', 'pipeline' ],
37 silly install resolved     gitHead: '51b301a043bd5617465fbb73ced86bf2c35a1924',
37 silly install resolved     bugs: { url: 'https://github.com/gulpjs/gulp-cli/issues' },
37 silly install resolved     _id: 'gulp-cli@1.2.2',
37 silly install resolved     _shasum: '7392def6316c6e7939a4f296f3f540151ae3a275',
37 silly install resolved     _from: 'gulp-cli@latest',
37 silly install resolved     _npmVersion: '2.15.2',
37 silly install resolved     _nodeVersion: '0.10.41',
37 silly install resolved     _npmUser: { name: 'phated', email: 'blaine.bublitz@gmail.com' },
37 silly install resolved     maintainers: [ [Object], [Object], [Object] ],
37 silly install resolved     dist:
37 silly install resolved      { shasum: '7392def6316c6e7939a4f296f3f540151ae3a275',
37 silly install resolved        tarball: 'https://registry.npmjs.org/gulp-cli/-/gulp-cli-1.2.2.tgz' },
37 silly install resolved     _npmOperationalInternal:
37 silly install resolved      { host: 'packages-16-east.internal.npmjs.com',
37 silly install resolved        tmp: 'tmp/gulp-cli-1.2.2.tgz_1468605495802_0.5796305062249303' },
37 silly install resolved     directories: {},
37 silly install resolved     _resolved: 'https://registry.npmjs.org/gulp-cli/-/gulp-cli-1.2.2.tgz',
37 silly install resolved     readme: 'ERROR: No README data found!' } ]
38 info install gulp-cli@1.2.2 into /usr/local/lib
39 info installOne gulp-cli@1.2.2
40 verbose installOne of gulp-cli to /usr/local/lib not in flight; installing
41 verbose correctMkdir /Users/rachelmoldovan/.npm/_locks correctMkdir not in flight; initializing
42 verbose lock using /Users/rachelmoldovan/.npm/_locks/gulp-cli-9387f74fd11e9bcf.lock for /usr/local/lib/node_modules/gulp-cli
43 silly install write writing gulp-cli 1.2.2 to /usr/local/lib/node_modules/gulp-cli
44 verbose unbuild lib/node_modules/gulp-cli
45 silly gentlyRm /usr/local/lib/node_modules/gulp-cli is being purged from base /usr/local
46 verbose gentlyRm don't care about contents; nuking /usr/local/lib/node_modules/gulp-cli
47 verbose tar unpack /Users/rachelmoldovan/.npm/gulp-cli/1.2.2/package.tgz
48 verbose tar unpacking to /usr/local/lib/node_modules/gulp-cli
49 silly gentlyRm /usr/local/lib/node_modules/gulp-cli is being purged
50 verbose gentlyRm don't care about contents; nuking /usr/local/lib/node_modules/gulp-cli
51 silly gunzTarPerm modes [ '755', '644' ]
52 error tar.unpack untar error /Users/rachelmoldovan/.npm/gulp-cli/1.2.2/package.tgz
53 verbose unlock done using /Users/rachelmoldovan/.npm/_locks/gulp-cli-9387f74fd11e9bcf.lock for /usr/local/lib/node_modules/gulp-cli
54 verbose fstream_path /usr/local/lib/node_modules/gulp-cli
55 verbose fstream_type Directory
56 verbose fstream_class DirWriter
57 verbose stack Error: EACCES: permission denied, mkdir '/usr/local/lib/node_modules/gulp-cli'
57 verbose stack     at Error (native)
58 verbose fstream_stack /usr/local/lib/node_modules/npm/node_modules/fstream/lib/dir-writer.js:35:25
58 verbose fstream_stack /usr/local/lib/node_modules/npm/node_modules/mkdirp/index.js:47:53
58 verbose fstream_stack FSReqWrap.oncomplete (fs.js:82:15)
59 verbose cwd /Users/rachelmoldovan/project
60 error Darwin 15.5.0
61 error argv "/usr/local/bin/node" "/usr/local/bin/npm" "install" "--global" "gulp-cli"
62 error node v4.4.7
63 error npm  v2.15.8
64 error path /usr/local/lib/node_modules/gulp-cli
65 error code EACCES
66 error errno -13
67 error syscall mkdir
68 error Error: EACCES: permission denied, mkdir '/usr/local/lib/node_modules/gulp-cli'
68 error     at Error (native)
68 error  { [Error: EACCES: permission denied, mkdir '/usr/local/lib/node_modules/gulp-cli']
68 error   errno: -13,
68 error   code: 'EACCES',
68 error   syscall: 'mkdir',
68 error   path: '/usr/local/lib/node_modules/gulp-cli',
68 error   fstream_type: 'Directory',
68 error   fstream_path: '/usr/local/lib/node_modules/gulp-cli',
68 error   fstream_class: 'DirWriter',
68 error   fstream_stack:
68 error    [ '/usr/local/lib/node_modules/npm/node_modules/fstream/lib/dir-writer.js:35:25',
68 error      '/usr/local/lib/node_modules/npm/node_modules/mkdirp/index.js:47:53',
68 error      'FSReqWrap.oncomplete (fs.js:82:15)' ] }
69 error Please try running this command again as root/Administrator.
70 verbose exit [ -13, true ]
71 verbose unbuild lib/node_modules/gulp-cli
72 silly gentlyRm /usr/local/lib/node_modules/gulp-cli is being purged from base /usr/local
73 verbose gentlyRm don't care about contents; nuking /usr/local/lib/node_modules/gulp-cli
